C:\Users\Angelo\Desktop\ASP.NetMVCExample\ASP.NetMVCExample\Scripts\TypeScriptOutput\Code\BasicVectors.js
C:\Users\Angelo\Desktop\ASP.NetMVCExample\ASP.NetMVCExample\Scripts\TypeScriptOutput\Code\BasicVectors.js.map
C:\Users\Angelo\Desktop\ASP.NetMVCExample\ASP.NetMVCExample\Scripts\TypeScriptOutput\Code\Graph.js
C:\Users\Angelo\Desktop\ASP.NetMVCExample\ASP.NetMVCExample\Scripts\TypeScriptOutput\Code\Graph.js.map
C:\Users\Angelo\Desktop\ASP.NetMVCExample\ASP.NetMVCExample\Scripts\TypeScriptOutput\Code\TimeManagementContainers.js
C:\Users\Angelo\Desktop\ASP.NetMVCExample\ASP.NetMVCExample\Scripts\TypeScriptOutput\Code\TimeManagementContainers.js.map
C:\Users\Angelo\Desktop\ASP.NetMVCExample\ASP.NetMVCExample\Scripts\TypeScriptOutput\Code\Gant.js
C:\Users\Angelo\Desktop\ASP.NetMVCExample\ASP.NetMVCExample\Scripts\TypeScriptOutput\Code\Gant.js.map
C:\Users\Angelo\Desktop\ASP.NetMVCExample\ASP.NetMVCExample\Scripts\TypeScriptOutput\Code\Testing\TestGraph.js
C:\Users\Angelo\Desktop\ASP.NetMVCExample\ASP.NetMVCExample\Scripts\TypeScriptOutput\Code\Testing\TestGraph.js.map
C:\Users\Angelo\Desktop\ASP.NetMVCExample\ASP.NetMVCExample\Scripts\TypeScriptOutput\Code\BasicVectors.js
C:\Users\Angelo\Desktop\ASP.NetMVCExample\ASP.NetMVCExample\Scripts\TypeScriptOutput\Code\BasicVectors.js.map
C:\Users\Angelo\Desktop\ASP.NetMVCExample\ASP.NetMVCExample\Scripts\TypeScriptOutput\Code\Graph.js
C:\Users\Angelo\Desktop\ASP.NetMVCExample\ASP.NetMVCExample\Scripts\TypeScriptOutput\Code\Graph.js.map
C:\Users\Angelo\Desktop\ASP.NetMVCExample\ASP.NetMVCExample\Scripts\TypeScriptOutput\Code\TimeManagementContainers.js
C:\Users\Angelo\Desktop\ASP.NetMVCExample\ASP.NetMVCExample\Scripts\TypeScriptOutput\Code\TimeManagementContainers.js.map
C:\Users\Angelo\Desktop\ASP.NetMVCExample\ASP.NetMVCExample\Scripts\TypeScriptOutput\Code\Gant.js
C:\Users\Angelo\Desktop\ASP.NetMVCExample\ASP.NetMVCExample\Scripts\TypeScriptOutput\Code\Gant.js.map
C:\Users\Angelo\Desktop\ASP.NetMVCExample\ASP.NetMVCExample\Scripts\TypeScriptOutput\Code\Testing\TestGraph.js
C:\Users\Angelo\Desktop\ASP.NetMVCExample\ASP.NetMVCExample\Scripts\TypeScriptOutput\Code\Testing\TestGraph.js.map
C:\Users\Angelo\Desktop\ASP.NetMVCExample\ASP.NetMVCExample\Scripts\TypeScriptOutput\Code\BasicVectors.js
C:\Users\Angelo\Desktop\ASP.NetMVCExample\ASP.NetMVCExample\Scripts\TypeScriptOutput\Code\BasicVectors.js.map
C:\Users\Angelo\Desktop\ASP.NetMVCExample\ASP.NetMVCExample\Scripts\TypeScriptOutput\Code\Graph.js
C:\Users\Angelo\Desktop\ASP.NetMVCExample\ASP.NetMVCExample\Scripts\TypeScriptOutput\Code\Graph.js.map
C:\Users\Angelo\Desktop\ASP.NetMVCExample\ASP.NetMVCExample\Scripts\TypeScriptOutput\Code\TimeManagementContainers.js
C:\Users\Angelo\Desktop\ASP.NetMVCExample\ASP.NetMVCExample\Scripts\TypeScriptOutput\Code\TimeManagementContainers.js.map
C:\Users\Angelo\Desktop\ASP.NetMVCExample\ASP.NetMVCExample\Scripts\TypeScriptOutput\Code\Gant.js
C:\Users\Angelo\Desktop\ASP.NetMVCExample\ASP.NetMVCExample\Scripts\TypeScriptOutput\Code\Gant.js.map
C:\Users\Angelo\Desktop\ASP.NetMVCExample\ASP.NetMVCExample\Scripts\TypeScriptOutput\Code\Testing\TestGraph.js
C:\Users\Angelo\Desktop\ASP.NetMVCExample\ASP.NetMVCExample\Scripts\TypeScriptOutput\Code\Testing\TestGraph.js.map
C:\Users\Angelo\Desktop\ASP.NetMVCExample\ASP.NetMVCExample\Scripts\TypeScriptOutput\Code\BasicVectors.js
C:\Users\Angelo\Desktop\ASP.NetMVCExample\ASP.NetMVCExample\Scripts\TypeScriptOutput\Code\BasicVectors.js.map
C:\Users\Angelo\Desktop\ASP.NetMVCExample\ASP.NetMVCExample\Scripts\TypeScriptOutput\Code\Graph.js
C:\Users\Angelo\Desktop\ASP.NetMVCExample\ASP.NetMVCExample\Scripts\TypeScriptOutput\Code\Graph.js.map
C:\Users\Angelo\Desktop\ASP.NetMVCExample\ASP.NetMVCExample\Scripts\TypeScriptOutput\Code\TimeManagementContainers.js
C:\Users\Angelo\Desktop\ASP.NetMVCExample\ASP.NetMVCExample\Scripts\TypeScriptOutput\Code\TimeManagementContainers.js.map
C:\Users\Angelo\Desktop\ASP.NetMVCExample\ASP.NetMVCExample\Scripts\TypeScriptOutput\Code\Gant.js
C:\Users\Angelo\Desktop\ASP.NetMVCExample\ASP.NetMVCExample\Scripts\TypeScriptOutput\Code\Gant.js.map
C:\Users\Angelo\Desktop\ASP.NetMVCExample\ASP.NetMVCExample\Scripts\TypeScriptOutput\Code\Testing\TestGraph.js
C:\Users\Angelo\Desktop\ASP.NetMVCExample\ASP.NetMVCExample\Scripts\TypeScriptOutput\Code\Testing\TestGraph.js.map
C:\Users\Angelo\Desktop\ASP.NetMVCExample\ASP.NetMVCExample\Scripts\TypeScriptOutput\Code\BasicVectors.js
C:\Users\Angelo\Desktop\ASP.NetMVCExample\ASP.NetMVCExample\Scripts\TypeScriptOutput\Code\BasicVectors.js.map
C:\Users\Angelo\Desktop\ASP.NetMVCExample\ASP.NetMVCExample\Scripts\TypeScriptOutput\Code\Graph.js
C:\Users\Angelo\Desktop\ASP.NetMVCExample\ASP.NetMVCExample\Scripts\TypeScriptOutput\Code\Graph.js.map
C:\Users\Angelo\Desktop\ASP.NetMVCExample\ASP.NetMVCExample\Scripts\TypeScriptOutput\Code\TimeManagementContainers.js
C:\Users\Angelo\Desktop\ASP.NetMVCExample\ASP.NetMVCExample\Scripts\TypeScriptOutput\Code\TimeManagementContainers.js.map
C:\Users\Angelo\Desktop\ASP.NetMVCExample\ASP.NetMVCExample\Scripts\TypeScriptOutput\Code\Gant.js
C:\Users\Angelo\Desktop\ASP.NetMVCExample\ASP.NetMVCExample\Scripts\TypeScriptOutput\Code\Gant.js.map
C:\Users\Angelo\Desktop\ASP.NetMVCExample\ASP.NetMVCExample\Scripts\TypeScriptOutput\Code\Testing\TestGraph.js
C:\Users\Angelo\Desktop\ASP.NetMVCExample\ASP.NetMVCExample\Scripts\TypeScriptOutput\Code\Testing\TestGraph.js.map
C:\Users\Angelo\Desktop\ASP.NetMVCExample\ASP.NetMVCExample\Scripts\TypeScriptOutput\Code\BasicVectors.js
C:\Users\Angelo\Desktop\ASP.NetMVCExample\ASP.NetMVCExample\Scripts\TypeScriptOutput\Code\BasicVectors.js.map
C:\Users\Angelo\Desktop\ASP.NetMVCExample\ASP.NetMVCExample\Scripts\TypeScriptOutput\Code\Graph.js
C:\Users\Angelo\Desktop\ASP.NetMVCExample\ASP.NetMVCExample\Scripts\TypeScriptOutput\Code\Graph.js.map
C:\Users\Angelo\Desktop\ASP.NetMVCExample\ASP.NetMVCExample\Scripts\TypeScriptOutput\Code\TimeManagementContainers.js
C:\Users\Angelo\Desktop\ASP.NetMVCExample\ASP.NetMVCExample\Scripts\TypeScriptOutput\Code\TimeManagementContainers.js.map
C:\Users\Angelo\Desktop\ASP.NetMVCExample\ASP.NetMVCExample\Scripts\TypeScriptOutput\Code\Gant.js
C:\Users\Angelo\Desktop\ASP.NetMVCExample\ASP.NetMVCExample\Scripts\TypeScriptOutput\Code\Gant.js.map
C:\Users\Angelo\Desktop\ASP.NetMVCExample\ASP.NetMVCExample\Scripts\TypeScriptOutput\Code\Testing\TestGraph.js
C:\Users\Angelo\Desktop\ASP.NetMVCExample\ASP.NetMVCExample\Scripts\TypeScriptOutput\Code\Testing\TestGraph.js.map
C:\Users\Angelo's Tower PC\Desktop\ASP.NetMVCExample\ASP.NetMVCExample\Scripts\TypeScriptOutput\BasicVectors.js
C:\Users\Angelo's Tower PC\Desktop\ASP.NetMVCExample\ASP.NetMVCExample\Scripts\TypeScriptOutput\BasicVectors.js.map
C:\Users\Angelo's Tower PC\Desktop\ASP.NetMVCExample\ASP.NetMVCExample\Scripts\TypeScriptOutput\Graph.js
C:\Users\Angelo's Tower PC\Desktop\ASP.NetMVCExample\ASP.NetMVCExample\Scripts\TypeScriptOutput\Graph.js.map
C:\Users\Angelo's Tower PC\Desktop\ASP.NetMVCExample\ASP.NetMVCExample\Scripts\TypeScriptOutput\TimeManagementContainers.js
C:\Users\Angelo's Tower PC\Desktop\ASP.NetMVCExample\ASP.NetMVCExample\Scripts\TypeScriptOutput\TimeManagementContainers.js.map
C:\Users\Angelo's Tower PC\Desktop\ASP.NetMVCExample\ASP.NetMVCExample\Scripts\TypeScriptOutput\Gant.js
C:\Users\Angelo's Tower PC\Desktop\ASP.NetMVCExample\ASP.NetMVCExample\Scripts\TypeScriptOutput\Gant.js.map
C:\Users\Angelo's Tower PC\Desktop\ASP.NetMVCExample\ASP.NetMVCExample\Scripts\TypeScriptOutput\Testing\TestGraph.js
C:\Users\Angelo's Tower PC\Desktop\ASP.NetMVCExample\ASP.NetMVCExample\Scripts\TypeScriptOutput\Testing\TestGraph.js.map
C:\Users\Angelo's Tower PC\Desktop\ASP.NetMVCExample\ASP.NetMVCExample\Scripts\TypeScriptOutput\BasicVectors.js
C:\Users\Angelo's Tower PC\Desktop\ASP.NetMVCExample\ASP.NetMVCExample\Scripts\TypeScriptOutput\BasicVectors.js.map
C:\Users\Angelo's Tower PC\Desktop\ASP.NetMVCExample\ASP.NetMVCExample\Scripts\TypeScriptOutput\Graph.js
C:\Users\Angelo's Tower PC\Desktop\ASP.NetMVCExample\ASP.NetMVCExample\Scripts\TypeScriptOutput\Graph.js.map
C:\Users\Angelo's Tower PC\Desktop\ASP.NetMVCExample\ASP.NetMVCExample\Scripts\TypeScriptOutput\TimeManagementContainers.js
C:\Users\Angelo's Tower PC\Desktop\ASP.NetMVCExample\ASP.NetMVCExample\Scripts\TypeScriptOutput\TimeManagementContainers.js.map
C:\Users\Angelo's Tower PC\Desktop\ASP.NetMVCExample\ASP.NetMVCExample\Scripts\TypeScriptOutput\Gant.js
C:\Users\Angelo's Tower PC\Desktop\ASP.NetMVCExample\ASP.NetMVCExample\Scripts\TypeScriptOutput\Gant.js.map
C:\Users\Angelo's Tower PC\Desktop\ASP.NetMVCExample\ASP.NetMVCExample\Scripts\TypeScriptOutput\Testing\TestGraph.js
C:\Users\Angelo's Tower PC\Desktop\ASP.NetMVCExample\ASP.NetMVCExample\Scripts\TypeScriptOutput\Testing\TestGraph.js.map
C:\Users\Angelo's Tower PC\Desktop\ASP.NetMVCExample\ASP.NetMVCExample\Scripts\TypeScriptOutput\BasicVectors.js
C:\Users\Angelo's Tower PC\Desktop\ASP.NetMVCExample\ASP.NetMVCExample\Scripts\TypeScriptOutput\BasicVectors.js.map
C:\Users\Angelo's Tower PC\Desktop\ASP.NetMVCExample\ASP.NetMVCExample\Scripts\TypeScriptOutput\Graph.js
C:\Users\Angelo's Tower PC\Desktop\ASP.NetMVCExample\ASP.NetMVCExample\Scripts\TypeScriptOutput\Graph.js.map
C:\Users\Angelo's Tower PC\Desktop\ASP.NetMVCExample\ASP.NetMVCExample\Scripts\TypeScriptOutput\TimeManagementContainers.js
C:\Users\Angelo's Tower PC\Desktop\ASP.NetMVCExample\ASP.NetMVCExample\Scripts\TypeScriptOutput\TimeManagementContainers.js.map
C:\Users\Angelo's Tower PC\Desktop\ASP.NetMVCExample\ASP.NetMVCExample\Scripts\TypeScriptOutput\Gant.js
C:\Users\Angelo's Tower PC\Desktop\ASP.NetMVCExample\ASP.NetMVCExample\Scripts\TypeScriptOutput\Gant.js.map
C:\Users\Angelo's Tower PC\Desktop\ASP.NetMVCExample\ASP.NetMVCExample\Scripts\TypeScriptOutput\Testing\TestGraph.js
C:\Users\Angelo's Tower PC\Desktop\ASP.NetMVCExample\ASP.NetMVCExample\Scripts\TypeScriptOutput\Testing\TestGraph.js.map
C:\Users\Angelo's Tower PC\Desktop\ASP.NetMVCExample\ASP.NetMVCExample\Scripts\TypeScriptOutput\BasicVectors.js
C:\Users\Angelo's Tower PC\Desktop\ASP.NetMVCExample\ASP.NetMVCExample\Scripts\TypeScriptOutput\BasicVectors.js.map
C:\Users\Angelo's Tower PC\Desktop\ASP.NetMVCExample\ASP.NetMVCExample\Scripts\TypeScriptOutput\Graph.js
C:\Users\Angelo's Tower PC\Desktop\ASP.NetMVCExample\ASP.NetMVCExample\Scripts\TypeScriptOutput\Graph.js.map
C:\Users\Angelo's Tower PC\Desktop\ASP.NetMVCExample\ASP.NetMVCExample\Scripts\TypeScriptOutput\TimeManagementContainers.js
C:\Users\Angelo's Tower PC\Desktop\ASP.NetMVCExample\ASP.NetMVCExample\Scripts\TypeScriptOutput\TimeManagementContainers.js.map
C:\Users\Angelo's Tower PC\Desktop\ASP.NetMVCExample\ASP.NetMVCExample\Scripts\TypeScriptOutput\Gant.js
C:\Users\Angelo's Tower PC\Desktop\ASP.NetMVCExample\ASP.NetMVCExample\Scripts\TypeScriptOutput\Gant.js.map
C:\Users\Angelo's Tower PC\Desktop\ASP.NetMVCExample\ASP.NetMVCExample\Scripts\TypeScriptOutput\Testing\TestGraph.js
C:\Users\Angelo's Tower PC\Desktop\ASP.NetMVCExample\ASP.NetMVCExample\Scripts\TypeScriptOutput\Testing\TestGraph.js.map
C:\Users\Angelo's Tower PC\Desktop\ASP.NetMVCExample\ASP.NetMVCExample\Scripts\TypeScriptOutput\BasicVectors.js
C:\Users\Angelo's Tower PC\Desktop\ASP.NetMVCExample\ASP.NetMVCExample\Scripts\TypeScriptOutput\BasicVectors.js.map
C:\Users\Angelo's Tower PC\Desktop\ASP.NetMVCExample\ASP.NetMVCExample\Scripts\TypeScriptOutput\Graph.js
C:\Users\Angelo's Tower PC\Desktop\ASP.NetMVCExample\ASP.NetMVCExample\Scripts\TypeScriptOutput\Graph.js.map
C:\Users\Angelo's Tower PC\Desktop\ASP.NetMVCExample\ASP.NetMVCExample\Scripts\TypeScriptOutput\TimeManagementContainers.js
C:\Users\Angelo's Tower PC\Desktop\ASP.NetMVCExample\ASP.NetMVCExample\Scripts\TypeScriptOutput\TimeManagementContainers.js.map
C:\Users\Angelo's Tower PC\Desktop\ASP.NetMVCExample\ASP.NetMVCExample\Scripts\TypeScriptOutput\Gant.js
C:\Users\Angelo's Tower PC\Desktop\ASP.NetMVCExample\ASP.NetMVCExample\Scripts\TypeScriptOutput\Gant.js.map
C:\Users\Angelo's Tower PC\Desktop\ASP.NetMVCExample\ASP.NetMVCExample\Scripts\TypeScriptOutput\Testing\TestGraph.js
C:\Users\Angelo's Tower PC\Desktop\ASP.NetMVCExample\ASP.NetMVCExample\Scripts\TypeScriptOutput\Testing\TestGraph.js.map
C:\Users\Angelo's Tower PC\Desktop\ASP.NetMVCExample\ASP.NetMVCExample\Scripts\TypeScriptOutput\BasicVectors.js
C:\Users\Angelo's Tower PC\Desktop\ASP.NetMVCExample\ASP.NetMVCExample\Scripts\TypeScriptOutput\BasicVectors.js.map
C:\Users\Angelo's Tower PC\Desktop\ASP.NetMVCExample\ASP.NetMVCExample\Scripts\TypeScriptOutput\Graph.js
C:\Users\Angelo's Tower PC\Desktop\ASP.NetMVCExample\ASP.NetMVCExample\Scripts\TypeScriptOutput\Graph.js.map
C:\Users\Angelo's Tower PC\Desktop\ASP.NetMVCExample\ASP.NetMVCExample\Scripts\TypeScriptOutput\TimeManagementContainers.js
C:\Users\Angelo's Tower PC\Desktop\ASP.NetMVCExample\ASP.NetMVCExample\Scripts\TypeScriptOutput\TimeManagementContainers.js.map
C:\Users\Angelo's Tower PC\Desktop\ASP.NetMVCExample\ASP.NetMVCExample\Scripts\TypeScriptOutput\Gant.js
C:\Users\Angelo's Tower PC\Desktop\ASP.NetMVCExample\ASP.NetMVCExample\Scripts\TypeScriptOutput\Gant.js.map
C:\Users\Angelo's Tower PC\Desktop\ASP.NetMVCExample\ASP.NetMVCExample\Scripts\TypeScriptOutput\Testing\TestGraph.js
C:\Users\Angelo's Tower PC\Desktop\ASP.NetMVCExample\ASP.NetMVCExample\Scripts\TypeScriptOutput\Testing\TestGraph.js.map
C:\Users\Angelo's Tower PC\Desktop\ASP.NetMVCExample\ASP.NetMVCExample\Scripts\TypeScriptOutput\BasicVectors.js
C:\Users\Angelo's Tower PC\Desktop\ASP.NetMVCExample\ASP.NetMVCExample\Scripts\TypeScriptOutput\BasicVectors.js.map
C:\Users\Angelo's Tower PC\Desktop\ASP.NetMVCExample\ASP.NetMVCExample\Scripts\TypeScriptOutput\Graph.js
C:\Users\Angelo's Tower PC\Desktop\ASP.NetMVCExample\ASP.NetMVCExample\Scripts\TypeScriptOutput\Graph.js.map
C:\Users\Angelo's Tower PC\Desktop\ASP.NetMVCExample\ASP.NetMVCExample\Scripts\TypeScriptOutput\TimeManagementContainers.js
C:\Users\Angelo's Tower PC\Desktop\ASP.NetMVCExample\ASP.NetMVCExample\Scripts\TypeScriptOutput\TimeManagementContainers.js.map
C:\Users\Angelo's Tower PC\Desktop\ASP.NetMVCExample\ASP.NetMVCExample\Scripts\TypeScriptOutput\Gant.js
C:\Users\Angelo's Tower PC\Desktop\ASP.NetMVCExample\ASP.NetMVCExample\Scripts\TypeScriptOutput\Gant.js.map
C:\Users\Angelo's Tower PC\Desktop\ASP.NetMVCExample\ASP.NetMVCExample\Scripts\TypeScriptOutput\Testing\TestGraph.js
C:\Users\Angelo's Tower PC\Desktop\ASP.NetMVCExample\ASP.NetMVCExample\Scripts\TypeScriptOutput\Testing\TestGraph.js.map
C:\Users\Angelo's Tower PC\Desktop\ASP.NetMVCExample\ASP.NetMVCExample\Scripts\TypeScriptOutput\BasicVectors.js
C:\Users\Angelo's Tower PC\Desktop\ASP.NetMVCExample\ASP.NetMVCExample\Scripts\TypeScriptOutput\BasicVectors.js.map
C:\Users\Angelo's Tower PC\Desktop\ASP.NetMVCExample\ASP.NetMVCExample\Scripts\TypeScriptOutput\Graph.js
C:\Users\Angelo's Tower PC\Desktop\ASP.NetMVCExample\ASP.NetMVCExample\Scripts\TypeScriptOutput\Graph.js.map
C:\Users\Angelo's Tower PC\Desktop\ASP.NetMVCExample\ASP.NetMVCExample\Scripts\TypeScriptOutput\TimeManagementContainers.js
C:\Users\Angelo's Tower PC\Desktop\ASP.NetMVCExample\ASP.NetMVCExample\Scripts\TypeScriptOutput\TimeManagementContainers.js.map
C:\Users\Angelo's Tower PC\Desktop\ASP.NetMVCExample\ASP.NetMVCExample\Scripts\TypeScriptOutput\Gant.js
C:\Users\Angelo's Tower PC\Desktop\ASP.NetMVCExample\ASP.NetMVCExample\Scripts\TypeScriptOutput\Gant.js.map
C:\Users\Angelo's Tower PC\Desktop\ASP.NetMVCExample\ASP.NetMVCExample\Scripts\TypeScriptOutput\Testing\TestGraph.js
C:\Users\Angelo's Tower PC\Desktop\ASP.NetMVCExample\ASP.NetMVCExample\Scripts\TypeScriptOutput\Testing\TestGraph.js.map
C:\Users\Angelo's Tower PC\Desktop\ASP.NetMVCExample\ASP.NetMVCExample\Scripts\TypeScriptOutput\BasicVectors.js
C:\Users\Angelo's Tower PC\Desktop\ASP.NetMVCExample\ASP.NetMVCExample\Scripts\TypeScriptOutput\BasicVectors.js.map
C:\Users\Angelo's Tower PC\Desktop\ASP.NetMVCExample\ASP.NetMVCExample\Scripts\TypeScriptOutput\Graph.js
C:\Users\Angelo's Tower PC\Desktop\ASP.NetMVCExample\ASP.NetMVCExample\Scripts\TypeScriptOutput\Graph.js.map
C:\Users\Angelo's Tower PC\Desktop\ASP.NetMVCExample\ASP.NetMVCExample\Scripts\TypeScriptOutput\TimeManagementContainers.js
C:\Users\Angelo's Tower PC\Desktop\ASP.NetMVCExample\ASP.NetMVCExample\Scripts\TypeScriptOutput\TimeManagementContainers.js.map
C:\Users\Angelo's Tower PC\Desktop\ASP.NetMVCExample\ASP.NetMVCExample\Scripts\TypeScriptOutput\Gant.js
C:\Users\Angelo's Tower PC\Desktop\ASP.NetMVCExample\ASP.NetMVCExample\Scripts\TypeScriptOutput\Gant.js.map
C:\Users\Angelo's Tower PC\Desktop\ASP.NetMVCExample\ASP.NetMVCExample\Scripts\TypeScriptOutput\Testing\TestGraph.js
C:\Users\Angelo's Tower PC\Desktop\ASP.NetMVCExample\ASP.NetMVCExample\Scripts\TypeScriptOutput\Testing\TestGraph.js.map
C:\Users\Angelo's Tower PC\Desktop\ASP.NetMVCExample\ASP.NetMVCExample\Scripts\TypeScriptOutput\BasicVectors.js
C:\Users\Angelo's Tower PC\Desktop\ASP.NetMVCExample\ASP.NetMVCExample\Scripts\TypeScriptOutput\BasicVectors.js.map
C:\Users\Angelo's Tower PC\Desktop\ASP.NetMVCExample\ASP.NetMVCExample\Scripts\TypeScriptOutput\Graph.js
C:\Users\Angelo's Tower PC\Desktop\ASP.NetMVCExample\ASP.NetMVCExample\Scripts\TypeScriptOutput\Graph.js.map
C:\Users\Angelo's Tower PC\Desktop\ASP.NetMVCExample\ASP.NetMVCExample\Scripts\TypeScriptOutput\TimeManagementContainers.js
C:\Users\Angelo's Tower PC\Desktop\ASP.NetMVCExample\ASP.NetMVCExample\Scripts\TypeScriptOutput\TimeManagementContainers.js.map
C:\Users\Angelo's Tower PC\Desktop\ASP.NetMVCExample\ASP.NetMVCExample\Scripts\TypeScriptOutput\Gant.js
C:\Users\Angelo's Tower PC\Desktop\ASP.NetMVCExample\ASP.NetMVCExample\Scripts\TypeScriptOutput\Gant.js.map
C:\Users\Angelo's Tower PC\Desktop\ASP.NetMVCExample\ASP.NetMVCExample\Scripts\TypeScriptOutput\Testing\TestGraph.js
C:\Users\Angelo's Tower PC\Desktop\ASP.NetMVCExample\ASP.NetMVCExample\Scripts\TypeScriptOutput\Testing\TestGraph.js.map
C:\Users\Angelo's Tower PC\Desktop\ASP.NetMVCExample\ASP.NetMVCExample\Scripts\TypeScriptOutput\BasicVectors.js
C:\Users\Angelo's Tower PC\Desktop\ASP.NetMVCExample\ASP.NetMVCExample\Scripts\TypeScriptOutput\BasicVectors.js.map
C:\Users\Angelo's Tower PC\Desktop\ASP.NetMVCExample\ASP.NetMVCExample\Scripts\TypeScriptOutput\Graph.js
C:\Users\Angelo's Tower PC\Desktop\ASP.NetMVCExample\ASP.NetMVCExample\Scripts\TypeScriptOutput\Graph.js.map
C:\Users\Angelo's Tower PC\Desktop\ASP.NetMVCExample\ASP.NetMVCExample\Scripts\TypeScriptOutput\TimeManagementContainers.js
C:\Users\Angelo's Tower PC\Desktop\ASP.NetMVCExample\ASP.NetMVCExample\Scripts\TypeScriptOutput\TimeManagementContainers.js.map
C:\Users\Angelo's Tower PC\Desktop\ASP.NetMVCExample\ASP.NetMVCExample\Scripts\TypeScriptOutput\Gant.js
C:\Users\Angelo's Tower PC\Desktop\ASP.NetMVCExample\ASP.NetMVCExample\Scripts\TypeScriptOutput\Gant.js.map
C:\Users\Angelo's Tower PC\Desktop\ASP.NetMVCExample\ASP.NetMVCExample\Scripts\TypeScriptOutput\Testing\TestGraph.js
C:\Users\Angelo's Tower PC\Desktop\ASP.NetMVCExample\ASP.NetMVCExample\Scripts\TypeScriptOutput\Testing\TestGraph.js.map
C:\Users\Angelo's Tower PC\Desktop\ASP.NetMVCExample\ASP.NetMVCExample\Scripts\TypeScriptOutput\BasicVectors.js
C:\Users\Angelo's Tower PC\Desktop\ASP.NetMVCExample\ASP.NetMVCExample\Scripts\TypeScriptOutput\BasicVectors.js.map
C:\Users\Angelo's Tower PC\Desktop\ASP.NetMVCExample\ASP.NetMVCExample\Scripts\TypeScriptOutput\Graph.js
C:\Users\Angelo's Tower PC\Desktop\ASP.NetMVCExample\ASP.NetMVCExample\Scripts\TypeScriptOutput\Graph.js.map
C:\Users\Angelo's Tower PC\Desktop\ASP.NetMVCExample\ASP.NetMVCExample\Scripts\TypeScriptOutput\TimeManagementContainers.js
C:\Users\Angelo's Tower PC\Desktop\ASP.NetMVCExample\ASP.NetMVCExample\Scripts\TypeScriptOutput\TimeManagementContainers.js.map
C:\Users\Angelo's Tower PC\Desktop\ASP.NetMVCExample\ASP.NetMVCExample\Scripts\TypeScriptOutput\Gant.js
C:\Users\Angelo's Tower PC\Desktop\ASP.NetMVCExample\ASP.NetMVCExample\Scripts\TypeScriptOutput\Gant.js.map
C:\Users\Angelo's Tower PC\Desktop\ASP.NetMVCExample\ASP.NetMVCExample\Scripts\TypeScriptOutput\Testing\TestGraph.js
C:\Users\Angelo's Tower PC\Desktop\ASP.NetMVCExample\ASP.NetMVCExample\Scripts\TypeScriptOutput\Testing\TestGraph.js.map
C:\Users\Angelo's Tower PC\Desktop\ASP.NetMVCExample\ASP.NetMVCExample\Scripts\TypeScriptOutput\BasicVectors.js
C:\Users\Angelo's Tower PC\Desktop\ASP.NetMVCExample\ASP.NetMVCExample\Scripts\TypeScriptOutput\BasicVectors.js.map
C:\Users\Angelo's Tower PC\Desktop\ASP.NetMVCExample\ASP.NetMVCExample\Scripts\TypeScriptOutput\Graph.js
C:\Users\Angelo's Tower PC\Desktop\ASP.NetMVCExample\ASP.NetMVCExample\Scripts\TypeScriptOutput\Graph.js.map
C:\Users\Angelo's Tower PC\Desktop\ASP.NetMVCExample\ASP.NetMVCExample\Scripts\TypeScriptOutput\TimeManagementContainers.js
C:\Users\Angelo's Tower PC\Desktop\ASP.NetMVCExample\ASP.NetMVCExample\Scripts\TypeScriptOutput\TimeManagementContainers.js.map
C:\Users\Angelo's Tower PC\Desktop\ASP.NetMVCExample\ASP.NetMVCExample\Scripts\TypeScriptOutput\Gant.js
C:\Users\Angelo's Tower PC\Desktop\ASP.NetMVCExample\ASP.NetMVCExample\Scripts\TypeScriptOutput\Gant.js.map
C:\Users\Angelo's Tower PC\Desktop\ASP.NetMVCExample\ASP.NetMVCExample\Scripts\TypeScriptOutput\Testing\TestGraph.js
C:\Users\Angelo's Tower PC\Desktop\ASP.NetMVCExample\ASP.NetMVCExample\Scripts\TypeScriptOutput\Testing\TestGraph.js.map
C:\Users\Angelo's Tower PC\Desktop\ASP.NetMVCExample\ASP.NetMVCExample\Scripts\TypeScriptOutput\BasicVectors.js
C:\Users\Angelo's Tower PC\Desktop\ASP.NetMVCExample\ASP.NetMVCExample\Scripts\TypeScriptOutput\BasicVectors.js.map
C:\Users\Angelo's Tower PC\Desktop\ASP.NetMVCExample\ASP.NetMVCExample\Scripts\TypeScriptOutput\Graph.js
C:\Users\Angelo's Tower PC\Desktop\ASP.NetMVCExample\ASP.NetMVCExample\Scripts\TypeScriptOutput\Graph.js.map
C:\Users\Angelo's Tower PC\Desktop\ASP.NetMVCExample\ASP.NetMVCExample\Scripts\TypeScriptOutput\TimeManagementContainers.js
C:\Users\Angelo's Tower PC\Desktop\ASP.NetMVCExample\ASP.NetMVCExample\Scripts\TypeScriptOutput\TimeManagementContainers.js.map
C:\Users\Angelo's Tower PC\Desktop\ASP.NetMVCExample\ASP.NetMVCExample\Scripts\TypeScriptOutput\Gant.js
C:\Users\Angelo's Tower PC\Desktop\ASP.NetMVCExample\ASP.NetMVCExample\Scripts\TypeScriptOutput\Gant.js.map
C:\Users\Angelo's Tower PC\Desktop\ASP.NetMVCExample\ASP.NetMVCExample\Scripts\TypeScriptOutput\Testing\TestGraph.js
C:\Users\Angelo's Tower PC\Desktop\ASP.NetMVCExample\ASP.NetMVCExample\Scripts\TypeScriptOutput\Testing\TestGraph.js.map
C:\Users\Angelo's Tower PC\Desktop\ASP.NetMVCExample\ASP.NetMVCExample\Scripts\TypeScriptOutput\BasicVectors.js
C:\Users\Angelo's Tower PC\Desktop\ASP.NetMVCExample\ASP.NetMVCExample\Scripts\TypeScriptOutput\BasicVectors.js.map
C:\Users\Angelo's Tower PC\Desktop\ASP.NetMVCExample\ASP.NetMVCExample\Scripts\TypeScriptOutput\Graph.js
C:\Users\Angelo's Tower PC\Desktop\ASP.NetMVCExample\ASP.NetMVCExample\Scripts\TypeScriptOutput\Graph.js.map
C:\Users\Angelo's Tower PC\Desktop\ASP.NetMVCExample\ASP.NetMVCExample\Scripts\TypeScriptOutput\TimeManagementContainers.js
C:\Users\Angelo's Tower PC\Desktop\ASP.NetMVCExample\ASP.NetMVCExample\Scripts\TypeScriptOutput\TimeManagementContainers.js.map
C:\Users\Angelo's Tower PC\Desktop\ASP.NetMVCExample\ASP.NetMVCExample\Scripts\TypeScriptOutput\Gant.js
C:\Users\Angelo's Tower PC\Desktop\ASP.NetMVCExample\ASP.NetMVCExample\Scripts\TypeScriptOutput\Gant.js.map
C:\Users\Angelo's Tower PC\Desktop\ASP.NetMVCExample\ASP.NetMVCExample\Scripts\TypeScriptOutput\Testing\TestGraph.js
C:\Users\Angelo's Tower PC\Desktop\ASP.NetMVCExample\ASP.NetMVCExample\Scripts\TypeScriptOutput\Testing\TestGraph.js.map
C:\Users\Angelo's Tower PC\Desktop\ASP.NetMVCExample\ASP.NetMVCExample\Scripts\TypeScriptOutput\BasicVectors.js
C:\Users\Angelo's Tower PC\Desktop\ASP.NetMVCExample\ASP.NetMVCExample\Scripts\TypeScriptOutput\BasicVectors.js.map
C:\Users\Angelo's Tower PC\Desktop\ASP.NetMVCExample\ASP.NetMVCExample\Scripts\TypeScriptOutput\Graph.js
C:\Users\Angelo's Tower PC\Desktop\ASP.NetMVCExample\ASP.NetMVCExample\Scripts\TypeScriptOutput\Graph.js.map
C:\Users\Angelo's Tower PC\Desktop\ASP.NetMVCExample\ASP.NetMVCExample\Scripts\TypeScriptOutput\TimeManagementContainers.js
C:\Users\Angelo's Tower PC\Desktop\ASP.NetMVCExample\ASP.NetMVCExample\Scripts\TypeScriptOutput\TimeManagementContainers.js.map
C:\Users\Angelo's Tower PC\Desktop\ASP.NetMVCExample\ASP.NetMVCExample\Scripts\TypeScriptOutput\Gant.js
C:\Users\Angelo's Tower PC\Desktop\ASP.NetMVCExample\ASP.NetMVCExample\Scripts\TypeScriptOutput\Gant.js.map
C:\Users\Angelo's Tower PC\Desktop\ASP.NetMVCExample\ASP.NetMVCExample\Scripts\TypeScriptOutput\Testing\TestGraph.js
C:\Users\Angelo's Tower PC\Desktop\ASP.NetMVCExample\ASP.NetMVCExample\Scripts\TypeScriptOutput\Testing\TestGraph.js.map
C:\Users\Angelo's Tower PC\Desktop\ASP.NetMVCExample\ASP.NetMVCExample\Scripts\TypeScriptOutput\BasicVectors.js
C:\Users\Angelo's Tower PC\Desktop\ASP.NetMVCExample\ASP.NetMVCExample\Scripts\TypeScriptOutput\BasicVectors.js.map
C:\Users\Angelo's Tower PC\Desktop\ASP.NetMVCExample\ASP.NetMVCExample\Scripts\TypeScriptOutput\Graph.js
C:\Users\Angelo's Tower PC\Desktop\ASP.NetMVCExample\ASP.NetMVCExample\Scripts\TypeScriptOutput\Graph.js.map
C:\Users\Angelo's Tower PC\Desktop\ASP.NetMVCExample\ASP.NetMVCExample\Scripts\TypeScriptOutput\TimeManagementContainers.js
C:\Users\Angelo's Tower PC\Desktop\ASP.NetMVCExample\ASP.NetMVCExample\Scripts\TypeScriptOutput\TimeManagementContainers.js.map
C:\Users\Angelo's Tower PC\Desktop\ASP.NetMVCExample\ASP.NetMVCExample\Scripts\TypeScriptOutput\Gant.js
C:\Users\Angelo's Tower PC\Desktop\ASP.NetMVCExample\ASP.NetMVCExample\Scripts\TypeScriptOutput\Gant.js.map
C:\Users\Angelo's Tower PC\Desktop\ASP.NetMVCExample\ASP.NetMVCExample\Scripts\TypeScriptOutput\Testing\TestGraph.js
C:\Users\Angelo's Tower PC\Desktop\ASP.NetMVCExample\ASP.NetMVCExample\Scripts\TypeScriptOutput\Testing\TestGraph.js.map
C:\Users\Angelo's Tower PC\Desktop\ASP.NetMVCExample\ASP.NetMVCExample\Scripts\TypeScriptOutput\BasicVectors.js
C:\Users\Angelo's Tower PC\Desktop\ASP.NetMVCExample\ASP.NetMVCExample\Scripts\TypeScriptOutput\BasicVectors.js.map
C:\Users\Angelo's Tower PC\Desktop\ASP.NetMVCExample\ASP.NetMVCExample\Scripts\TypeScriptOutput\Graph.js
C:\Users\Angelo's Tower PC\Desktop\ASP.NetMVCExample\ASP.NetMVCExample\Scripts\TypeScriptOutput\Graph.js.map
C:\Users\Angelo's Tower PC\Desktop\ASP.NetMVCExample\ASP.NetMVCExample\Scripts\TypeScriptOutput\TimeManagementContainers.js
C:\Users\Angelo's Tower PC\Desktop\ASP.NetMVCExample\ASP.NetMVCExample\Scripts\TypeScriptOutput\TimeManagementContainers.js.map
C:\Users\Angelo's Tower PC\Desktop\ASP.NetMVCExample\ASP.NetMVCExample\Scripts\TypeScriptOutput\Gant.js
C:\Users\Angelo's Tower PC\Desktop\ASP.NetMVCExample\ASP.NetMVCExample\Scripts\TypeScriptOutput\Gant.js.map
C:\Users\Angelo's Tower PC\Desktop\ASP.NetMVCExample\ASP.NetMVCExample\Scripts\TypeScriptOutput\Testing\TestGraph.js
C:\Users\Angelo's Tower PC\Desktop\ASP.NetMVCExample\ASP.NetMVCExample\Scripts\TypeScriptOutput\Testing\TestGraph.js.map
C:\Users\Angelo's Tower PC\Desktop\ASP.NetMVCExample\ASP.NetMVCExample\Scripts\TypeScriptOutput\BasicVectors.js
C:\Users\Angelo's Tower PC\Desktop\ASP.NetMVCExample\ASP.NetMVCExample\Scripts\TypeScriptOutput\BasicVectors.js.map
C:\Users\Angelo's Tower PC\Desktop\ASP.NetMVCExample\ASP.NetMVCExample\Scripts\TypeScriptOutput\Graph.js
C:\Users\Angelo's Tower PC\Desktop\ASP.NetMVCExample\ASP.NetMVCExample\Scripts\TypeScriptOutput\Graph.js.map
C:\Users\Angelo's Tower PC\Desktop\ASP.NetMVCExample\ASP.NetMVCExample\Scripts\TypeScriptOutput\TimeManagementContainers.js
C:\Users\Angelo's Tower PC\Desktop\ASP.NetMVCExample\ASP.NetMVCExample\Scripts\TypeScriptOutput\TimeManagementContainers.js.map
C:\Users\Angelo's Tower PC\Desktop\ASP.NetMVCExample\ASP.NetMVCExample\Scripts\TypeScriptOutput\Gant.js
C:\Users\Angelo's Tower PC\Desktop\ASP.NetMVCExample\ASP.NetMVCExample\Scripts\TypeScriptOutput\Gant.js.map
C:\Users\Angelo's Tower PC\Desktop\ASP.NetMVCExample\ASP.NetMVCExample\Scripts\TypeScriptOutput\Testing\TestGraph.js
C:\Users\Angelo's Tower PC\Desktop\ASP.NetMVCExample\ASP.NetMVCExample\Scripts\TypeScriptOutput\Testing\TestGraph.js.map
C:\Users\Angelo's Tower PC\Desktop\ASP.NetMVCExample\ASP.NetMVCExample\Scripts\TypeScriptOutput\BasicVectors.js
C:\Users\Angelo's Tower PC\Desktop\ASP.NetMVCExample\ASP.NetMVCExample\Scripts\TypeScriptOutput\BasicVectors.js.map
C:\Users\Angelo's Tower PC\Desktop\ASP.NetMVCExample\ASP.NetMVCExample\Scripts\TypeScriptOutput\Graph.js
C:\Users\Angelo's Tower PC\Desktop\ASP.NetMVCExample\ASP.NetMVCExample\Scripts\TypeScriptOutput\Graph.js.map
C:\Users\Angelo's Tower PC\Desktop\ASP.NetMVCExample\ASP.NetMVCExample\Scripts\TypeScriptOutput\TimeManagementContainers.js
C:\Users\Angelo's Tower PC\Desktop\ASP.NetMVCExample\ASP.NetMVCExample\Scripts\TypeScriptOutput\TimeManagementContainers.js.map
C:\Users\Angelo's Tower PC\Desktop\ASP.NetMVCExample\ASP.NetMVCExample\Scripts\TypeScriptOutput\Gant.js
C:\Users\Angelo's Tower PC\Desktop\ASP.NetMVCExample\ASP.NetMVCExample\Scripts\TypeScriptOutput\Gant.js.map
C:\Users\Angelo's Tower PC\Desktop\ASP.NetMVCExample\ASP.NetMVCExample\Scripts\TypeScriptOutput\Testing\TestGraph.js
C:\Users\Angelo's Tower PC\Desktop\ASP.NetMVCExample\ASP.NetMVCExample\Scripts\TypeScriptOutput\Testing\TestGraph.js.map
C:\Users\Angelo's Tower PC\Desktop\ASP.NetMVCExample\ASP.NetMVCExample\Scripts\TypeScriptOutput\BasicVectors.js
C:\Users\Angelo's Tower PC\Desktop\ASP.NetMVCExample\ASP.NetMVCExample\Scripts\TypeScriptOutput\BasicVectors.js.map
C:\Users\Angelo's Tower PC\Desktop\ASP.NetMVCExample\ASP.NetMVCExample\Scripts\TypeScriptOutput\Graph.js
C:\Users\Angelo's Tower PC\Desktop\ASP.NetMVCExample\ASP.NetMVCExample\Scripts\TypeScriptOutput\Graph.js.map
C:\Users\Angelo's Tower PC\Desktop\ASP.NetMVCExample\ASP.NetMVCExample\Scripts\TypeScriptOutput\TimeManagementContainers.js
C:\Users\Angelo's Tower PC\Desktop\ASP.NetMVCExample\ASP.NetMVCExample\Scripts\TypeScriptOutput\TimeManagementContainers.js.map
C:\Users\Angelo's Tower PC\Desktop\ASP.NetMVCExample\ASP.NetMVCExample\Scripts\TypeScriptOutput\Gant.js
C:\Users\Angelo's Tower PC\Desktop\ASP.NetMVCExample\ASP.NetMVCExample\Scripts\TypeScriptOutput\Gant.js.map
C:\Users\Angelo's Tower PC\Desktop\ASP.NetMVCExample\ASP.NetMVCExample\Scripts\TypeScriptOutput\Testing\TestGraph.js
C:\Users\Angelo's Tower PC\Desktop\ASP.NetMVCExample\ASP.NetMVCExample\Scripts\TypeScriptOutput\Testing\TestGraph.js.map
C:\Users\Angelo's Tower PC\Desktop\ASP.NetMVCExample\ASP.NetMVCExample\Scripts\TypeScriptOutput\BasicVectors.js
C:\Users\Angelo's Tower PC\Desktop\ASP.NetMVCExample\ASP.NetMVCExample\Scripts\TypeScriptOutput\BasicVectors.js.map
C:\Users\Angelo's Tower PC\Desktop\ASP.NetMVCExample\ASP.NetMVCExample\Scripts\TypeScriptOutput\Graph.js
C:\Users\Angelo's Tower PC\Desktop\ASP.NetMVCExample\ASP.NetMVCExample\Scripts\TypeScriptOutput\Graph.js.map
C:\Users\Angelo's Tower PC\Desktop\ASP.NetMVCExample\ASP.NetMVCExample\Scripts\TypeScriptOutput\TimeManagementContainers.js
C:\Users\Angelo's Tower PC\Desktop\ASP.NetMVCExample\ASP.NetMVCExample\Scripts\TypeScriptOutput\TimeManagementContainers.js.map
C:\Users\Angelo's Tower PC\Desktop\ASP.NetMVCExample\ASP.NetMVCExample\Scripts\TypeScriptOutput\Gant.js
C:\Users\Angelo's Tower PC\Desktop\ASP.NetMVCExample\ASP.NetMVCExample\Scripts\TypeScriptOutput\Gant.js.map
C:\Users\Angelo's Tower PC\Desktop\ASP.NetMVCExample\ASP.NetMVCExample\Scripts\TypeScriptOutput\Testing\TestGraph.js
C:\Users\Angelo's Tower PC\Desktop\ASP.NetMVCExample\ASP.NetMVCExample\Scripts\TypeScriptOutput\Testing\TestGraph.js.map
C:\Users\Angelo's Tower PC\Desktop\ASP.NetMVCExample\ASP.NetMVCExample\Scripts\TypeScriptOutput\BasicVectors.js
C:\Users\Angelo's Tower PC\Desktop\ASP.NetMVCExample\ASP.NetMVCExample\Scripts\TypeScriptOutput\BasicVectors.js.map
C:\Users\Angelo's Tower PC\Desktop\ASP.NetMVCExample\ASP.NetMVCExample\Scripts\TypeScriptOutput\Graph.js
C:\Users\Angelo's Tower PC\Desktop\ASP.NetMVCExample\ASP.NetMVCExample\Scripts\TypeScriptOutput\Graph.js.map
C:\Users\Angelo's Tower PC\Desktop\ASP.NetMVCExample\ASP.NetMVCExample\Scripts\TypeScriptOutput\TimeManagementContainers.js
C:\Users\Angelo's Tower PC\Desktop\ASP.NetMVCExample\ASP.NetMVCExample\Scripts\TypeScriptOutput\TimeManagementContainers.js.map
C:\Users\Angelo's Tower PC\Desktop\ASP.NetMVCExample\ASP.NetMVCExample\Scripts\TypeScriptOutput\Gant.js
C:\Users\Angelo's Tower PC\Desktop\ASP.NetMVCExample\ASP.NetMVCExample\Scripts\TypeScriptOutput\Gant.js.map
C:\Users\Angelo's Tower PC\Desktop\ASP.NetMVCExample\ASP.NetMVCExample\Scripts\TypeScriptOutput\Testing\TestGraph.js
C:\Users\Angelo's Tower PC\Desktop\ASP.NetMVCExample\ASP.NetMVCExample\Scripts\TypeScriptOutput\Testing\TestGraph.js.map
C:\Users\Angelo's Tower PC\Desktop\ASP.NetMVCExample\ASP.NetMVCExample\Scripts\TypeScriptOutput\BasicVectors.js
C:\Users\Angelo's Tower PC\Desktop\ASP.NetMVCExample\ASP.NetMVCExample\Scripts\TypeScriptOutput\BasicVectors.js.map
C:\Users\Angelo's Tower PC\Desktop\ASP.NetMVCExample\ASP.NetMVCExample\Scripts\TypeScriptOutput\Graph.js
C:\Users\Angelo's Tower PC\Desktop\ASP.NetMVCExample\ASP.NetMVCExample\Scripts\TypeScriptOutput\Graph.js.map
C:\Users\Angelo's Tower PC\Desktop\ASP.NetMVCExample\ASP.NetMVCExample\Scripts\TypeScriptOutput\TimeManagementContainers.js
C:\Users\Angelo's Tower PC\Desktop\ASP.NetMVCExample\ASP.NetMVCExample\Scripts\TypeScriptOutput\TimeManagementContainers.js.map
C:\Users\Angelo's Tower PC\Desktop\ASP.NetMVCExample\ASP.NetMVCExample\Scripts\TypeScriptOutput\Gant.js
C:\Users\Angelo's Tower PC\Desktop\ASP.NetMVCExample\ASP.NetMVCExample\Scripts\TypeScriptOutput\Gant.js.map
C:\Users\Angelo's Tower PC\Desktop\ASP.NetMVCExample\ASP.NetMVCExample\Scripts\TypeScriptOutput\Testing\TestGraph.js
C:\Users\Angelo's Tower PC\Desktop\ASP.NetMVCExample\ASP.NetMVCExample\Scripts\TypeScriptOutput\Testing\TestGraph.js.map
C:\Users\Angelo's Tower PC\Desktop\ASP.NetMVCExample\ASP.NetMVCExample\Scripts\TypeScriptOutput\BasicVectors.js
C:\Users\Angelo's Tower PC\Desktop\ASP.NetMVCExample\ASP.NetMVCExample\Scripts\TypeScriptOutput\BasicVectors.js.map
C:\Users\Angelo's Tower PC\Desktop\ASP.NetMVCExample\ASP.NetMVCExample\Scripts\TypeScriptOutput\Graph.js
C:\Users\Angelo's Tower PC\Desktop\ASP.NetMVCExample\ASP.NetMVCExample\Scripts\TypeScriptOutput\Graph.js.map
C:\Users\Angelo's Tower PC\Desktop\ASP.NetMVCExample\ASP.NetMVCExample\Scripts\TypeScriptOutput\TimeManagementContainers.js
C:\Users\Angelo's Tower PC\Desktop\ASP.NetMVCExample\ASP.NetMVCExample\Scripts\TypeScriptOutput\TimeManagementContainers.js.map
C:\Users\Angelo's Tower PC\Desktop\ASP.NetMVCExample\ASP.NetMVCExample\Scripts\TypeScriptOutput\Gant.js
C:\Users\Angelo's Tower PC\Desktop\ASP.NetMVCExample\ASP.NetMVCExample\Scripts\TypeScriptOutput\Gant.js.map
C:\Users\Angelo's Tower PC\Desktop\ASP.NetMVCExample\ASP.NetMVCExample\Scripts\TypeScriptOutput\Testing\TestGraph.js
C:\Users\Angelo's Tower PC\Desktop\ASP.NetMVCExample\ASP.NetMVCExample\Scripts\TypeScriptOutput\Testing\TestGraph.js.map
C:\Users\Angelo's Tower PC\Desktop\ASP.NetMVCExample\ASP.NetMVCExample\Scripts\TypeScriptOutput\BasicVectors.js
C:\Users\Angelo's Tower PC\Desktop\ASP.NetMVCExample\ASP.NetMVCExample\Scripts\TypeScriptOutput\BasicVectors.js.map
C:\Users\Angelo's Tower PC\Desktop\ASP.NetMVCExample\ASP.NetMVCExample\Scripts\TypeScriptOutput\Graph.js
C:\Users\Angelo's Tower PC\Desktop\ASP.NetMVCExample\ASP.NetMVCExample\Scripts\TypeScriptOutput\Graph.js.map
C:\Users\Angelo's Tower PC\Desktop\ASP.NetMVCExample\ASP.NetMVCExample\Scripts\TypeScriptOutput\TimeManagementContainers.js
C:\Users\Angelo's Tower PC\Desktop\ASP.NetMVCExample\ASP.NetMVCExample\Scripts\TypeScriptOutput\TimeManagementContainers.js.map
C:\Users\Angelo's Tower PC\Desktop\ASP.NetMVCExample\ASP.NetMVCExample\Scripts\TypeScriptOutput\Gant.js
C:\Users\Angelo's Tower PC\Desktop\ASP.NetMVCExample\ASP.NetMVCExample\Scripts\TypeScriptOutput\Gant.js.map
C:\Users\Angelo's Tower PC\Desktop\ASP.NetMVCExample\ASP.NetMVCExample\Scripts\TypeScriptOutput\Testing\TestGraph.js
C:\Users\Angelo's Tower PC\Desktop\ASP.NetMVCExample\ASP.NetMVCExample\Scripts\TypeScriptOutput\Testing\TestGraph.js.map
C:\Users\Angelo's Tower PC\Desktop\ASP.NetMVCExample\ASP.NetMVCExample\Scripts\TypeScriptOutput\BasicVectors.js
C:\Users\Angelo's Tower PC\Desktop\ASP.NetMVCExample\ASP.NetMVCExample\Scripts\TypeScriptOutput\BasicVectors.js.map
C:\Users\Angelo's Tower PC\Desktop\ASP.NetMVCExample\ASP.NetMVCExample\Scripts\TypeScriptOutput\Graph.js
C:\Users\Angelo's Tower PC\Desktop\ASP.NetMVCExample\ASP.NetMVCExample\Scripts\TypeScriptOutput\Graph.js.map
C:\Users\Angelo's Tower PC\Desktop\ASP.NetMVCExample\ASP.NetMVCExample\Scripts\TypeScriptOutput\TimeManagementContainers.js
C:\Users\Angelo's Tower PC\Desktop\ASP.NetMVCExample\ASP.NetMVCExample\Scripts\TypeScriptOutput\TimeManagementContainers.js.map
C:\Users\Angelo's Tower PC\Desktop\ASP.NetMVCExample\ASP.NetMVCExample\Scripts\TypeScriptOutput\Gant.js
C:\Users\Angelo's Tower PC\Desktop\ASP.NetMVCExample\ASP.NetMVCExample\Scripts\TypeScriptOutput\Gant.js.map
C:\Users\Angelo's Tower PC\Desktop\ASP.NetMVCExample\ASP.NetMVCExample\Scripts\TypeScriptOutput\Testing\TestGraph.js
C:\Users\Angelo's Tower PC\Desktop\ASP.NetMVCExample\ASP.NetMVCExample\Scripts\TypeScriptOutput\Testing\TestGraph.js.map
C:\Users\Angelo's Tower PC\Desktop\ASP.NetMVCExample\ASP.NetMVCExample\Scripts\TypeScriptOutput\BasicVectors.js
C:\Users\Angelo's Tower PC\Desktop\ASP.NetMVCExample\ASP.NetMVCExample\Scripts\TypeScriptOutput\BasicVectors.js.map
C:\Users\Angelo's Tower PC\Desktop\ASP.NetMVCExample\ASP.NetMVCExample\Scripts\TypeScriptOutput\Graph.js
C:\Users\Angelo's Tower PC\Desktop\ASP.NetMVCExample\ASP.NetMVCExample\Scripts\TypeScriptOutput\Graph.js.map
C:\Users\Angelo's Tower PC\Desktop\ASP.NetMVCExample\ASP.NetMVCExample\Scripts\TypeScriptOutput\TimeManagementContainers.js
C:\Users\Angelo's Tower PC\Desktop\ASP.NetMVCExample\ASP.NetMVCExample\Scripts\TypeScriptOutput\TimeManagementContainers.js.map
C:\Users\Angelo's Tower PC\Desktop\ASP.NetMVCExample\ASP.NetMVCExample\Scripts\TypeScriptOutput\Gant.js
C:\Users\Angelo's Tower PC\Desktop\ASP.NetMVCExample\ASP.NetMVCExample\Scripts\TypeScriptOutput\Gant.js.map
C:\Users\Angelo's Tower PC\Desktop\ASP.NetMVCExample\ASP.NetMVCExample\Scripts\TypeScriptOutput\Testing\TestGraph.js
C:\Users\Angelo's Tower PC\Desktop\ASP.NetMVCExample\ASP.NetMVCExample\Scripts\TypeScriptOutput\Testing\TestGraph.js.map
C:\Users\Angelo's Tower PC\Desktop\ASP.NetMVCExample\ASP.NetMVCExample\Scripts\TypeScriptOutput\BasicVectors.js
C:\Users\Angelo's Tower PC\Desktop\ASP.NetMVCExample\ASP.NetMVCExample\Scripts\TypeScriptOutput\BasicVectors.js.map
C:\Users\Angelo's Tower PC\Desktop\ASP.NetMVCExample\ASP.NetMVCExample\Scripts\TypeScriptOutput\Graph.js
C:\Users\Angelo's Tower PC\Desktop\ASP.NetMVCExample\ASP.NetMVCExample\Scripts\TypeScriptOutput\Graph.js.map
C:\Users\Angelo's Tower PC\Desktop\ASP.NetMVCExample\ASP.NetMVCExample\Scripts\TypeScriptOutput\TimeManagementContainers.js
C:\Users\Angelo's Tower PC\Desktop\ASP.NetMVCExample\ASP.NetMVCExample\Scripts\TypeScriptOutput\TimeManagementContainers.js.map
C:\Users\Angelo's Tower PC\Desktop\ASP.NetMVCExample\ASP.NetMVCExample\Scripts\TypeScriptOutput\Gant.js
C:\Users\Angelo's Tower PC\Desktop\ASP.NetMVCExample\ASP.NetMVCExample\Scripts\TypeScriptOutput\Gant.js.map
C:\Users\Angelo's Tower PC\Desktop\ASP.NetMVCExample\ASP.NetMVCExample\Scripts\TypeScriptOutput\Testing\TestGraph.js
C:\Users\Angelo's Tower PC\Desktop\ASP.NetMVCExample\ASP.NetMVCExample\Scripts\TypeScriptOutput\Testing\TestGraph.js.map
C:\Users\Angelo's Tower PC\Desktop\ASP.NetMVCExample\ASP.NetMVCExample\Scripts\TypeScriptOutput\BasicVectors.js
C:\Users\Angelo's Tower PC\Desktop\ASP.NetMVCExample\ASP.NetMVCExample\Scripts\TypeScriptOutput\BasicVectors.js.map
C:\Users\Angelo's Tower PC\Desktop\ASP.NetMVCExample\ASP.NetMVCExample\Scripts\TypeScriptOutput\Graph.js
C:\Users\Angelo's Tower PC\Desktop\ASP.NetMVCExample\ASP.NetMVCExample\Scripts\TypeScriptOutput\Graph.js.map
C:\Users\Angelo's Tower PC\Desktop\ASP.NetMVCExample\ASP.NetMVCExample\Scripts\TypeScriptOutput\TimeManagementContainers.js
C:\Users\Angelo's Tower PC\Desktop\ASP.NetMVCExample\ASP.NetMVCExample\Scripts\TypeScriptOutput\TimeManagementContainers.js.map
C:\Users\Angelo's Tower PC\Desktop\ASP.NetMVCExample\ASP.NetMVCExample\Scripts\TypeScriptOutput\Gant.js
C:\Users\Angelo's Tower PC\Desktop\ASP.NetMVCExample\ASP.NetMVCExample\Scripts\TypeScriptOutput\Gant.js.map
C:\Users\Angelo's Tower PC\Desktop\ASP.NetMVCExample\ASP.NetMVCExample\Scripts\TypeScriptOutput\Testing\TestGraph.js
C:\Users\Angelo's Tower PC\Desktop\ASP.NetMVCExample\ASP.NetMVCExample\Scripts\TypeScriptOutput\Testing\TestGraph.js.map
C:\Users\Angelo's Tower PC\Desktop\ASP.NetMVCExample\ASP.NetMVCExample\Scripts\TypeScriptOutput\BasicVectors.js
C:\Users\Angelo's Tower PC\Desktop\ASP.NetMVCExample\ASP.NetMVCExample\Scripts\TypeScriptOutput\BasicVectors.js.map
C:\Users\Angelo's Tower PC\Desktop\ASP.NetMVCExample\ASP.NetMVCExample\Scripts\TypeScriptOutput\Graph.js
C:\Users\Angelo's Tower PC\Desktop\ASP.NetMVCExample\ASP.NetMVCExample\Scripts\TypeScriptOutput\Graph.js.map
C:\Users\Angelo's Tower PC\Desktop\ASP.NetMVCExample\ASP.NetMVCExample\Scripts\TypeScriptOutput\TimeManagementContainers.js
C:\Users\Angelo's Tower PC\Desktop\ASP.NetMVCExample\ASP.NetMVCExample\Scripts\TypeScriptOutput\TimeManagementContainers.js.map
C:\Users\Angelo's Tower PC\Desktop\ASP.NetMVCExample\ASP.NetMVCExample\Scripts\TypeScriptOutput\Gant.js
C:\Users\Angelo's Tower PC\Desktop\ASP.NetMVCExample\ASP.NetMVCExample\Scripts\TypeScriptOutput\Gant.js.map
C:\Users\Angelo's Tower PC\Desktop\ASP.NetMVCExample\ASP.NetMVCExample\Scripts\TypeScriptOutput\Testing\TestGraph.js
C:\Users\Angelo's Tower PC\Desktop\ASP.NetMVCExample\ASP.NetMVCExample\Scripts\TypeScriptOutput\Testing\TestGraph.js.map
C:\Users\Angelo's Tower PC\Desktop\ASP.NetMVCExample\ASP.NetMVCExample\Scripts\TypeScriptOutput\BasicVectors.js
C:\Users\Angelo's Tower PC\Desktop\ASP.NetMVCExample\ASP.NetMVCExample\Scripts\TypeScriptOutput\BasicVectors.js.map
C:\Users\Angelo's Tower PC\Desktop\ASP.NetMVCExample\ASP.NetMVCExample\Scripts\TypeScriptOutput\Graph.js
C:\Users\Angelo's Tower PC\Desktop\ASP.NetMVCExample\ASP.NetMVCExample\Scripts\TypeScriptOutput\Graph.js.map
C:\Users\Angelo's Tower PC\Desktop\ASP.NetMVCExample\ASP.NetMVCExample\Scripts\TypeScriptOutput\TimeManagementContainers.js
C:\Users\Angelo's Tower PC\Desktop\ASP.NetMVCExample\ASP.NetMVCExample\Scripts\TypeScriptOutput\TimeManagementContainers.js.map
C:\Users\Angelo's Tower PC\Desktop\ASP.NetMVCExample\ASP.NetMVCExample\Scripts\TypeScriptOutput\Gant.js
C:\Users\Angelo's Tower PC\Desktop\ASP.NetMVCExample\ASP.NetMVCExample\Scripts\TypeScriptOutput\Gant.js.map
C:\Users\Angelo's Tower PC\Desktop\ASP.NetMVCExample\ASP.NetMVCExample\Scripts\TypeScriptOutput\Testing\TestGraph.js
C:\Users\Angelo's Tower PC\Desktop\ASP.NetMVCExample\ASP.NetMVCExample\Scripts\TypeScriptOutput\Testing\TestGraph.js.map
C:\Users\Angelo's Tower PC\Desktop\ASP.NetMVCExample\ASP.NetMVCExample\Scripts\TypeScriptOutput\BasicVectors.js
C:\Users\Angelo's Tower PC\Desktop\ASP.NetMVCExample\ASP.NetMVCExample\Scripts\TypeScriptOutput\BasicVectors.js.map
C:\Users\Angelo's Tower PC\Desktop\ASP.NetMVCExample\ASP.NetMVCExample\Scripts\TypeScriptOutput\Graph.js
C:\Users\Angelo's Tower PC\Desktop\ASP.NetMVCExample\ASP.NetMVCExample\Scripts\TypeScriptOutput\Graph.js.map
C:\Users\Angelo's Tower PC\Desktop\ASP.NetMVCExample\ASP.NetMVCExample\Scripts\TypeScriptOutput\TimeManagementContainers.js
C:\Users\Angelo's Tower PC\Desktop\ASP.NetMVCExample\ASP.NetMVCExample\Scripts\TypeScriptOutput\TimeManagementContainers.js.map
C:\Users\Angelo's Tower PC\Desktop\ASP.NetMVCExample\ASP.NetMVCExample\Scripts\TypeScriptOutput\Gant.js
C:\Users\Angelo's Tower PC\Desktop\ASP.NetMVCExample\ASP.NetMVCExample\Scripts\TypeScriptOutput\Gant.js.map
C:\Users\Angelo's Tower PC\Desktop\ASP.NetMVCExample\ASP.NetMVCExample\Scripts\TypeScriptOutput\Testing\TestGraph.js
C:\Users\Angelo's Tower PC\Desktop\ASP.NetMVCExample\ASP.NetMVCExample\Scripts\TypeScriptOutput\Testing\TestGraph.js.map
C:\Users\Angelo's Tower PC\Desktop\ASP.NetMVCExample\ASP.NetMVCExample\Scripts\TypeScriptOutput\BasicVectors.js
C:\Users\Angelo's Tower PC\Desktop\ASP.NetMVCExample\ASP.NetMVCExample\Scripts\TypeScriptOutput\BasicVectors.js.map
C:\Users\Angelo's Tower PC\Desktop\ASP.NetMVCExample\ASP.NetMVCExample\Scripts\TypeScriptOutput\Graph.js
C:\Users\Angelo's Tower PC\Desktop\ASP.NetMVCExample\ASP.NetMVCExample\Scripts\TypeScriptOutput\Graph.js.map
C:\Users\Angelo's Tower PC\Desktop\ASP.NetMVCExample\ASP.NetMVCExample\Scripts\TypeScriptOutput\TimeManagementContainers.js
C:\Users\Angelo's Tower PC\Desktop\ASP.NetMVCExample\ASP.NetMVCExample\Scripts\TypeScriptOutput\TimeManagementContainers.js.map
C:\Users\Angelo's Tower PC\Desktop\ASP.NetMVCExample\ASP.NetMVCExample\Scripts\TypeScriptOutput\Gant.js
C:\Users\Angelo's Tower PC\Desktop\ASP.NetMVCExample\ASP.NetMVCExample\Scripts\TypeScriptOutput\Gant.js.map
C:\Users\Angelo's Tower PC\Desktop\ASP.NetMVCExample\ASP.NetMVCExample\Scripts\TypeScriptOutput\Testing\TestGraph.js
C:\Users\Angelo's Tower PC\Desktop\ASP.NetMVCExample\ASP.NetMVCExample\Scripts\TypeScriptOutput\Testing\TestGraph.js.map
C:\Users\Angelo's Tower PC\Desktop\ASP.NetMVCExample\ASP.NetMVCExample\Scripts\TypeScriptOutput\BasicVectors.js
C:\Users\Angelo's Tower PC\Desktop\ASP.NetMVCExample\ASP.NetMVCExample\Scripts\TypeScriptOutput\BasicVectors.js.map
C:\Users\Angelo's Tower PC\Desktop\ASP.NetMVCExample\ASP.NetMVCExample\Scripts\TypeScriptOutput\Graph.js
C:\Users\Angelo's Tower PC\Desktop\ASP.NetMVCExample\ASP.NetMVCExample\Scripts\TypeScriptOutput\Graph.js.map
C:\Users\Angelo's Tower PC\Desktop\ASP.NetMVCExample\ASP.NetMVCExample\Scripts\TypeScriptOutput\TimeManagementContainers.js
C:\Users\Angelo's Tower PC\Desktop\ASP.NetMVCExample\ASP.NetMVCExample\Scripts\TypeScriptOutput\TimeManagementContainers.js.map
C:\Users\Angelo's Tower PC\Desktop\ASP.NetMVCExample\ASP.NetMVCExample\Scripts\TypeScriptOutput\Gant.js
C:\Users\Angelo's Tower PC\Desktop\ASP.NetMVCExample\ASP.NetMVCExample\Scripts\TypeScriptOutput\Gant.js.map
C:\Users\Angelo's Tower PC\Desktop\ASP.NetMVCExample\ASP.NetMVCExample\Scripts\TypeScriptOutput\Testing\TestGraph.js
C:\Users\Angelo's Tower PC\Desktop\ASP.NetMVCExample\ASP.NetMVCExample\Scripts\TypeScriptOutput\Testing\TestGraph.js.map
C:\Users\Angelo's Tower PC\Desktop\ASP.NetMVCExample\ASP.NetMVCExample\Scripts\TypeScriptOutput\BasicVectors.js
C:\Users\Angelo's Tower PC\Desktop\ASP.NetMVCExample\ASP.NetMVCExample\Scripts\TypeScriptOutput\BasicVectors.js.map
C:\Users\Angelo's Tower PC\Desktop\ASP.NetMVCExample\ASP.NetMVCExample\Scripts\TypeScriptOutput\Graph.js
C:\Users\Angelo's Tower PC\Desktop\ASP.NetMVCExample\ASP.NetMVCExample\Scripts\TypeScriptOutput\Graph.js.map
C:\Users\Angelo's Tower PC\Desktop\ASP.NetMVCExample\ASP.NetMVCExample\Scripts\TypeScriptOutput\TimeManagementContainers.js
C:\Users\Angelo's Tower PC\Desktop\ASP.NetMVCExample\ASP.NetMVCExample\Scripts\TypeScriptOutput\TimeManagementContainers.js.map
C:\Users\Angelo's Tower PC\Desktop\ASP.NetMVCExample\ASP.NetMVCExample\Scripts\TypeScriptOutput\Gant.js
C:\Users\Angelo's Tower PC\Desktop\ASP.NetMVCExample\ASP.NetMVCExample\Scripts\TypeScriptOutput\Gant.js.map
C:\Users\Angelo's Tower PC\Desktop\ASP.NetMVCExample\ASP.NetMVCExample\Scripts\TypeScriptOutput\Testing\TestGraph.js
C:\Users\Angelo's Tower PC\Desktop\ASP.NetMVCExample\ASP.NetMVCExample\Scripts\TypeScriptOutput\Testing\TestGraph.js.map
C:\Users\Angelo's Tower PC\Desktop\ASP.NetMVCExample\ASP.NetMVCExample\Scripts\TypeScriptOutput\BasicVectors.js
C:\Users\Angelo's Tower PC\Desktop\ASP.NetMVCExample\ASP.NetMVCExample\Scripts\TypeScriptOutput\BasicVectors.js.map
C:\Users\Angelo's Tower PC\Desktop\ASP.NetMVCExample\ASP.NetMVCExample\Scripts\TypeScriptOutput\Graph.js
C:\Users\Angelo's Tower PC\Desktop\ASP.NetMVCExample\ASP.NetMVCExample\Scripts\TypeScriptOutput\Graph.js.map
C:\Users\Angelo's Tower PC\Desktop\ASP.NetMVCExample\ASP.NetMVCExample\Scripts\TypeScriptOutput\TimeManagementContainers.js
C:\Users\Angelo's Tower PC\Desktop\ASP.NetMVCExample\ASP.NetMVCExample\Scripts\TypeScriptOutput\TimeManagementContainers.js.map
C:\Users\Angelo's Tower PC\Desktop\ASP.NetMVCExample\ASP.NetMVCExample\Scripts\TypeScriptOutput\Gant.js
C:\Users\Angelo's Tower PC\Desktop\ASP.NetMVCExample\ASP.NetMVCExample\Scripts\TypeScriptOutput\Gant.js.map
C:\Users\Angelo's Tower PC\Desktop\ASP.NetMVCExample\ASP.NetMVCExample\Scripts\TypeScriptOutput\Testing\TestGraph.js
C:\Users\Angelo's Tower PC\Desktop\ASP.NetMVCExample\ASP.NetMVCExample\Scripts\TypeScriptOutput\Testing\TestGraph.js.map
